[debug] [2023-06-06T14:14:43.398Z] ----------------------------------------------------------------------
[debug] [2023-06-06T14:14:43.400Z] Command:       /opt/homebrew/Cellar/node/19.3.0/bin/node /opt/homebrew/bin/firebase deploy --token 1//0c9odw-kduy_FCgYIARAAGAwSNwF-L9Ir8jFJH1VKYtjq7g3tPlLhe40DO0paW8o6uGb7nbDz6ZYEk21p1SfshxZ7dY5ywKmHv4w
[debug] [2023-06-06T14:14:43.400Z] CLI Version:   12.3.0
[debug] [2023-06-06T14:14:43.400Z] Platform:      darwin
[debug] [2023-06-06T14:14:43.400Z] Node Version:  v19.3.0
[debug] [2023-06-06T14:14:43.400Z] Time:          Tue Jun 06 2023 16:14:43 GMT+0200 (Central European Summer Time)
[debug] [2023-06-06T14:14:43.400Z] ----------------------------------------------------------------------
[debug] 
[debug] [2023-06-06T14:14:43.432Z] > command requires scopes: ["email","openid","https://www.googleapis.com/auth/cloudplatformprojects.readonly","https://www.googleapis.com/auth/firebase","https://www.googleapis.com/auth/cloud-platform"]
[debug] [2023-06-06T14:14:43.432Z] > authorizing via --token option
[warn] ⚠  Authenticating with `--token` is deprecated and will be removed in a future major version of `firebase-tools`. Instead, use a service account key with `GOOGLE_APPLICATION_CREDENTIALS`: https://cloud.google.com/docs/authentication/getting-started 
[debug] [2023-06-06T14:14:43.433Z] [iam] checking project mifdomare for permissions ["firebase.projects.get","firebasehosting.sites.update"]
[debug] [2023-06-06T14:14:43.433Z] > refreshing access token with scopes: []
[debug] [2023-06-06T14:14:43.434Z] >>> [apiv2][query] POST https://www.googleapis.com/oauth2/v3/token [none]
[debug] [2023-06-06T14:14:43.434Z] >>> [apiv2][body] POST https://www.googleapis.com/oauth2/v3/token [omitted]
[debug] [2023-06-06T14:14:43.705Z] <<< [apiv2][status] POST https://www.googleapis.com/oauth2/v3/token 200
[debug] [2023-06-06T14:14:43.705Z] <<< [apiv2][body] POST https://www.googleapis.com/oauth2/v3/token [omitted]
[debug] [2023-06-06T14:14:43.707Z] >>> [apiv2][query] POST https://cloudresourcemanager.googleapis.com/v1/projects/mifdomare:testIamPermissions [none]
[debug] [2023-06-06T14:14:43.707Z] >>> [apiv2][(partial)header] POST https://cloudresourcemanager.googleapis.com/v1/projects/mifdomare:testIamPermissions x-goog-quota-user=projects/mifdomare
[debug] [2023-06-06T14:14:43.707Z] >>> [apiv2][body] POST https://cloudresourcemanager.googleapis.com/v1/projects/mifdomare:testIamPermissions {"permissions":["firebase.projects.get","firebasehosting.sites.update"]}
[debug] [2023-06-06T14:14:44.517Z] <<< [apiv2][status] POST https://cloudresourcemanager.googleapis.com/v1/projects/mifdomare:testIamPermissions 200
[debug] [2023-06-06T14:14:44.518Z] <<< [apiv2][body] POST https://cloudresourcemanager.googleapis.com/v1/projects/mifdomare:testIamPermissions {"permissions":["firebase.projects.get","firebasehosting.sites.update"]}
[debug] [2023-06-06T14:14:44.519Z] >>> [apiv2][query] GET https://firebase.googleapis.com/v1beta1/projects/mifdomare [none]
[debug] [2023-06-06T14:14:44.917Z] <<< [apiv2][status] GET https://firebase.googleapis.com/v1beta1/projects/mifdomare 200
[debug] [2023-06-06T14:14:44.917Z] <<< [apiv2][body] GET https://firebase.googleapis.com/v1beta1/projects/mifdomare {"projectId":"mifdomare","projectNumber":"933882748886","displayName":"MIFDomare","name":"projects/mifdomare","resources":{"hostingSite":"mifdomare"},"state":"ACTIVE","etag":"1_a87906d6-925e-439b-bc9f-d9c1c9be5865"}
[debug] [2023-06-06T14:14:46.005Z] >>> [apiv2][query] GET https://firebasehosting.googleapis.com/v1beta1/projects/mifdomare/sites pageToken=&pageSize=10
[debug] [2023-06-06T14:14:47.011Z] <<< [apiv2][status] GET https://firebasehosting.googleapis.com/v1beta1/projects/mifdomare/sites 200
[debug] [2023-06-06T14:14:47.011Z] <<< [apiv2][body] GET https://firebasehosting.googleapis.com/v1beta1/projects/mifdomare/sites {"sites":[{"name":"projects/mifdomare/sites/mifdomare","defaultUrl":"https://mifdomare.web.app","appId":"1:933882748886:web:a930fadbbec7a4174c8e77","type":"DEFAULT_SITE"}]}
[debug] [2023-06-06T14:14:47.012Z] >>> [apiv2][query] GET https://firebase.googleapis.com/v1beta1/projects/-/webApps/1:933882748886:web:a930fadbbec7a4174c8e77/config [none]
[debug] [2023-06-06T14:14:48.066Z] <<< [apiv2][status] GET https://firebase.googleapis.com/v1beta1/projects/-/webApps/1:933882748886:web:a930fadbbec7a4174c8e77/config 200
[debug] [2023-06-06T14:14:48.066Z] <<< [apiv2][body] GET https://firebase.googleapis.com/v1beta1/projects/-/webApps/1:933882748886:web:a930fadbbec7a4174c8e77/config {"projectId":"mifdomare","appId":"1:933882748886:web:a930fadbbec7a4174c8e77","storageBucket":"mifdomare.appspot.com","apiKey":"AIzaSyBX6N58PaCYLs8uGAhUaebPNp3c3gIPlGQ","authDomain":"mifdomare.firebaseapp.com","messagingSenderId":"933882748886","measurementId":"G-L6183L4X68"}
[info] 
   Thank you for trying our early preview of Next.js support on Firebase Hosting.
   During the preview, support is best-effort and breaking changes can be expected. Proceed with caution.

   Documentation: https://firebase.google.com/docs/hosting/frameworks/nextjs
   File a bug: https://github.com/firebase/firebase-tools/issues/new?template=bug_report.md
   Submit a feature request: https://github.com/firebase/firebase-tools/issues/new?template=feature_request.md

   We'd love to learn from you. Express your interest in helping us shape the future of Firebase Hosting: https://goo.gle/41enW5X

[info] Building a Cloud Function to run this application. This is needed due to:
[info]  • Image Optimization
[info] 
[warn] ⚠  This integration expects Node version 16, 18, or 20. You're running version 19, problems may be encountered. 
